Traceback (most recent call last):
  File "/usr/local/python/3.10.13/lib/python3.10/site-packages/jupyter_cache/executors/utils.py", line 58, in single_nb_execution
    executenb(
  File "/home/codespace/.local/lib/python3.10/site-packages/nbclient/client.py", line 1314, in execute
    return NotebookClient(nb=nb, resources=resources, km=km, **kwargs).execute()
  File "/home/codespace/.local/lib/python3.10/site-packages/jupyter_core/utils/__init__.py", line 165, in wrapped
    return loop.run_until_complete(inner)
  File "/usr/local/python/3.10.13/lib/python3.10/asyncio/base_events.py", line 649, in run_until_complete
    return future.result()
  File "/home/codespace/.local/lib/python3.10/site-packages/nbclient/client.py", line 709, in async_execute
    await self.async_execute_cell(
  File "/home/codespace/.local/lib/python3.10/site-packages/nbclient/client.py", line 1062, in async_execute_cell
    await self._check_raise_for_error(cell, cell_index, exec_reply)
  File "/home/codespace/.local/lib/python3.10/site-packages/nbclient/client.py", line 918, in _check_raise_for_error
    raise CellExecutionError.from_cell_and_msg(cell, exec_reply_content)
nbclient.exceptions.CellExecutionError: An error occurred while executing the following cell:
------------------
k = 0
l = 3
scale = -2

result2 = RowAdd(result, k, l, scale)
print("Matriks awal:")
print(result)
print("\nHasil :")
print(result2)
------------------


[0;31m---------------------------------------------------------------------------[0m
[0;31mIndexError[0m                                Traceback (most recent call last)
Cell [0;32mIn[12], line 5[0m
[1;32m      2[0m l [38;5;241m=[39m [38;5;241m3[39m
[1;32m      3[0m scale [38;5;241m=[39m [38;5;241m-[39m[38;5;241m2[39m
[0;32m----> 5[0m result2 [38;5;241m=[39m [43mRowAdd[49m[43m([49m[43mresult[49m[43m,[49m[43m [49m[43mk[49m[43m,[49m[43m [49m[43ml[49m[43m,[49m[43m [49m[43mscale[49m[43m)[49m
[1;32m      6[0m [38;5;28mprint[39m([38;5;124m"[39m[38;5;124mMatriks awal:[39m[38;5;124m"[39m)
[1;32m      7[0m [38;5;28mprint[39m(result)

Cell [0;32mIn[3], line 13[0m, in [0;36mRowAdd[0;34m(A, k, l, scale)[0m
[1;32m     10[0m B [38;5;241m=[39m np[38;5;241m.[39mcopy(A)[38;5;241m.[39mastype([38;5;124m'[39m[38;5;124mfloat64[39m[38;5;124m'[39m)
[1;32m     12[0m [38;5;28;01mfor[39;00m j [38;5;129;01min[39;00m [38;5;28mrange[39m(n):
[0;32m---> 13[0m     [43mB[49m[43m[[49m[43ml[49m[43m][49m[j] [38;5;241m+[39m[38;5;241m=[39m B[k][j][38;5;241m*[39mscale
[1;32m     15[0m [38;5;28;01mreturn[39;00m B

[0;31mIndexError[0m: index 3 is out of bounds for axis 0 with size 3

